<?xml version="1.0" encoding="UTF-8"?>
<!-- Generated by org.testng.reporters.JUnitReportReporter -->
<testsuite skipped="0" hostname="840" name="Practice.GetAllDetailsOfTable" tests="1" failures="0" timestamp="2021-09-27T15:51:22 IST" time="0.238" errors="0">
  <testcase name="executeQuery" time="0.238" classname="Practice.GetAllDetailsOfTable"/>
  <system-out/>
</testsuite> <!-- Practice.GetAllDetailsOfTable -->
