<?xml version="1.0" encoding="UTF-8"?>
<!-- Generated by org.testng.reporters.JUnitReportReporter -->
<testsuite skipped="0" hostname="840" name="Practice.person" tests="1" failures="0" timestamp="2021-09-23T18:07:54 IST" time="0.002" errors="0">
  <testcase name="der" time="0.002" classname="Practice.person"/>
  <system-out/>
</testsuite> <!-- Practice.person -->
