<?xml version="1.0" encoding="UTF-8"?>
<!-- Generated by org.testng.reporters.JUnitReportReporter -->
<testsuite skipped="0" hostname="840" name="GenericUtils.ReadDataFromJsonFile" tests="1" failures="0" timestamp="2021-09-23T17:44:47 IST" time="0.020" errors="0">
  <testcase name="getDataFromJson" time="0.020" classname="GenericUtils.ReadDataFromJsonFile"/>
  <system-out/>
</testsuite> <!-- GenericUtils.ReadDataFromJsonFile -->
