<?xml version="1.0" encoding="UTF-8"?>
<!-- Generated by org.testng.reporters.JUnitReportReporter -->
<testsuite skipped="0" hostname="840" name="GenericUtils.ReadDataFromJsonNew" tests="1" failures="0" timestamp="2021-09-27T11:06:19 IST" time="0.015" errors="0">
  <testcase name="readdatafromjson" time="0.015" classname="GenericUtils.ReadDataFromJsonNew"/>
  <system-out/>
</testsuite> <!-- GenericUtils.ReadDataFromJsonNew -->
