<?xml version="1.0" encoding="UTF-8"?>
<!-- Generated by org.testng.reporters.JUnitReportReporter -->
<testsuite skipped="0" hostname="840" name="Practice.ExecuteQuery" tests="1" failures="0" timestamp="2021-09-27T15:05:11 IST" time="0.324" errors="0">
  <testcase name="executeQuery" time="0.324" classname="Practice.ExecuteQuery"/>
  <system-out/>
</testsuite> <!-- Practice.ExecuteQuery -->
