<?xml version="1.0" encoding="UTF-8"?>
<!-- Generated by org.testng.reporters.JUnitReportReporter -->
<testsuite skipped="0" hostname="840" name="GenericUtils.ReadDataFromPropertyFile" tests="1" failures="0" timestamp="2021-09-27T10:55:14 IST" time="0.010" errors="0">
  <testcase name="readDataFromPropertyFile" time="0.010" classname="GenericUtils.ReadDataFromPropertyFile"/>
  <system-out/>
</testsuite> <!-- GenericUtils.ReadDataFromPropertyFile -->
