<?xml version="1.0" encoding="UTF-8"?>
<!-- Generated by org.testng.reporters.JUnitReportReporter -->
<testsuite skipped="0" hostname="840" name="Practice.contact" tests="1" failures="0" timestamp="2021-09-27T10:55:51 IST" time="0.009" errors="0">
  <testcase name="org" time="0.009" classname="Practice.contact"/>
  <system-out/>
</testsuite> <!-- Practice.contact -->
