<?xml version="1.0" encoding="UTF-8"?>
<!-- Generated by org.testng.reporters.JUnitReportReporter -->
<testsuite skipped="0" hostname="840" name="Practice.ExecuteUpdate" tests="1" failures="0" timestamp="2021-09-27T16:23:38 IST" time="0.238" errors="0">
  <testcase name="executeQuery" time="0.238" classname="Practice.ExecuteUpdate"/>
  <system-out/>
</testsuite> <!-- Practice.ExecuteUpdate -->
